<?xml version="1.0" encoding="UTF-8"?>
<!-- Generated by org.testng.reporters.JUnitXMLReporter -->
<testsuite ignored="0" hostname="LTIN513673" failures="1" tests="16" name="Test" time="892.212" errors="0" timestamp="2024-06-14T16:24:10 IST">
  <testcase classname="testcases.Tc_001_CarLoan" name="validateCarLoan" time="1.097">
    <failure type="org.openqa.selenium.ElementClickInterceptedException" message="element click intercepted: Element &amp;lt;li id=&amp;quot;car-loan&amp;quot;&amp;gt;...&amp;lt;/li&amp;gt; is not clickable at point (398, 214). Other element would receive the click: &amp;lt;ul class=&amp;quot;dropdown-menu show&amp;quot; aria-labelledby=&amp;quot;menu-item-dropdown-2696&amp;quot; role=&amp;quot;menu&amp;quot;&amp;gt;...&amp;lt;/ul&amp;gt;
  (Session info: chrome=123.0.6312.59)
Build info: version: &amp;apos;4.18.1&amp;apos;, revision: &amp;apos;b1d3319b48&amp;apos;
System info: os.name: &amp;apos;Windows 11&amp;apos;, os.arch: &amp;apos;amd64&amp;apos;, os.version: &amp;apos;10.0&amp;apos;, java.version: &amp;apos;17.0.2&amp;apos;
Driver info: org.openqa.selenium.chrome.ChromeDriver
Command: [1e80120551156a4c3c3ef2fedcfffb16, clickElement {id=f.1C6BD26148743407B493FCAF43F9F847.d.2109D1DDAD72DE360AE19AED6A46BFA5.e.13}]
Capabilities {acceptInsecureCerts: false, browserName: chrome, browserVersion: 123.0.6312.59, chrome: {chromedriverVersion: 123.0.6312.122 (31f8248cdd9..., userDataDir: C:\WINDOWS\SystemTemp\scope...}, fedcm:accounts: true, goog:chromeOptions: {debuggerAddress: localhost:63571}, networkConnectionEnabled: false, pageLoadStrategy: normal, platformName: windows, proxy: Proxy(), se:cdp: ws://localhost:63571/devtoo..., se:cdpVersion: 123.0.6312.59, setWindowRect: true, strictFileInteractability: false, timeouts: {implicit: 0, pageLoad: 300000, script: 30000}, unhandledPromptBehavior: dismiss and notify, webauthn:extension:credBlob: true, webauthn:extension:largeBlob: true, webauthn:extension:minPinLength: true, webauthn:extension:prf: true, webauthn:virtualAuthenticators: true}
Element: [[ChromeDriver: chrome on windows (1e80120551156a4c3c3ef2fedcfffb16)] -&amp;gt; xpath: //*[@id=&amp;quot;car-loan&amp;quot;]]
Session ID: 1e80120551156a4c3c3ef2fedcfffb16">
      <![CDATA[org.openqa.selenium.ElementClickInterceptedException: element click intercepted: Element <li id="car-loan">...</li> is not clickable at point (398, 214). Other element would receive the click: <ul class="dropdown-menu show" aria-labelledby="menu-item-dropdown-2696" role="menu">...</ul>
  (Session info: chrome=123.0.6312.59)
Build info: version: '4.18.1', revision: 'b1d3319b48'
System info: os.name: 'Windows 11', os.arch: 'amd64', os.version: '10.0', java.version: '17.0.2'
Driver info: org.openqa.selenium.chrome.ChromeDriver
Command: [1e80120551156a4c3c3ef2fedcfffb16, clickElement {id=f.1C6BD26148743407B493FCAF43F9F847.d.2109D1DDAD72DE360AE19AED6A46BFA5.e.13}]
Capabilities {acceptInsecureCerts: false, browserName: chrome, browserVersion: 123.0.6312.59, chrome: {chromedriverVersion: 123.0.6312.122 (31f8248cdd9..., userDataDir: C:\WINDOWS\SystemTemp\scope...}, fedcm:accounts: true, goog:chromeOptions: {debuggerAddress: localhost:63571}, networkConnectionEnabled: false, pageLoadStrategy: normal, platformName: windows, proxy: Proxy(), se:cdp: ws://localhost:63571/devtoo..., se:cdpVersion: 123.0.6312.59, setWindowRect: true, strictFileInteractability: false, timeouts: {implicit: 0, pageLoad: 300000, script: 30000}, unhandledPromptBehavior: dismiss and notify, webauthn:extension:credBlob: true, webauthn:extension:largeBlob: true, webauthn:extension:minPinLength: true, webauthn:extension:prf: true, webauthn:virtualAuthenticators: true}
Element: [[ChromeDriver: chrome on windows (1e80120551156a4c3c3ef2fedcfffb16)] -> xpath: //*[@id="car-loan"]]
Session ID: 1e80120551156a4c3c3ef2fedcfffb16
at org.openqa.selenium.remote.ErrorCodec.decode(ErrorCodec.java:167)
at org.openqa.selenium.remote.codec.w3c.W3CHttpResponseCodec.decode(W3CHttpResponseCodec.java:138)
at org.openqa.selenium.remote.codec.w3c.W3CHttpResponseCodec.decode(W3CHttpResponseCodec.java:50)
at org.openqa.selenium.remote.HttpCommandExecutor.execute(HttpCommandExecutor.java:190)
at org.openqa.selenium.remote.service.DriverCommandExecutor.invokeExecute(DriverCommandExecutor.java:216)
at org.openqa.selenium.remote.service.DriverCommandExecutor.execute(DriverCommandExecutor.java:174)
at org.openqa.selenium.remote.RemoteWebDriver.execute(RemoteWebDriver.java:519)
at org.openqa.selenium.remote.RemoteWebElement.execute(RemoteWebElement.java:223)
at org.openqa.selenium.remote.RemoteWebElement.click(RemoteWebElement.java:76)
at org.openqa.selenium.support.pagefactory.internal.LocatingElementHandler.invoke(LocatingElementHandler.java:51)
at jdk.proxy2/jdk.proxy2.$Proxy30.click(Unknown Source)
at pageObject.PageObject.clickCarTab(PageObject.java:26)
at testcases.Tc_001_CarLoan.validateCarLoan(Tc_001_CarLoan.java:15)
at java.base/java.util.ArrayList.forEach(ArrayList.java:1511)
... Removed 36 stack frames]]>
    </failure>
  </testcase> <!-- validateCarLoan -->
  <testcase classname="testcases.Tc_002_HomeLoan" name="valaidateHomeLoan" time="14.088"/>
  <testcase classname="testcases.Tc_003_001_UI_ValidatingEMIcalculator_LoanAmount" name="validatingEMIcalculator_LoanAmount" time="6.529"/>
  <testcase classname="testcases.Tc_003_002_UI_ValidatingEMIcalculator_InterestRate" name="validatingEMIcalculator_InterestRate" time="54.889"/>
  <testcase classname="testcases.Tc_003_003_UI_ValidatingEMIcalculator_LoanTenure" name="validatingEMIcalculator_LoanTenure" time="11.382"/>
  <testcase classname="testcases.Tc_003_004_UI_ValidatingEMIcalculator_FeesAndCharges" name="validatingEMIcalculator_FeesAndCharges" time="5.313"/>
  <testcase classname="testcases.Tc_003_005_UI_ValidatingEMIcalculator_YearAndMonth" name="validatingEMIcalculator_YearAndMonth" time="13.652"/>
  <testcase classname="testcases.Tc_003_006_UI_ValidatingLoanAmountcalculator_Emi" name="validatingLoanAmountcalculator_Emi" time="6.619"/>
  <testcase classname="testcases.Tc_003_007_UI_ValidatingLoanAmountcalculator_InterestRate" name="validatingLoanAmountcalculator_InterestRate" time="6.151"/>
  <testcase classname="testcases.Tc_003_008_UI_ValidatingLoanAmountcalculator_LoanTenture" name="validatingLoanAmountcalculator_LoanTenture" time="5.291"/>
  <testcase classname="testcases.Tc_003_009_UI_ValidatingLoanAmountcalculator_FeesAndCharges" name="validatingLoanAmountcalculator_FeesAndCharges" time="13.653"/>
  <testcase classname="testcases.Tc_003_010_UI_ValidatingLoanAmountcalculator_YearAndMonth" name="validatingLoanAmountcalculator_YearAndMonth" time="16.593"/>
  <testcase classname="testcases.Tc_003_011_UI_ValidatingLoanTenturecalculator_LoanAmount" name="validatingLoanTenturecalculator_LoanAmount" time="11.454"/>
  <testcase classname="testcases.Tc_003_012_UI_ValidatingLoanTenturecalculator_EMI" name="validatingLoanTenturecalculator_EMI" time="5.439"/>
  <testcase classname="testcases.Tc_003_013_UI_ValidatingLoanTenturecalculator_InterestRate" name="validatingLoanTenturecalculator_InterestRate" time="4.669"/>
  <testcase classname="testcases.Tc_003_014_UI_ValidatingLoanTenturecalculator_FeesAndCharges" name="validatingLoanTenturecalculator_FeesAndCharges" time="17.497"/>
</testsuite> <!-- Test -->
