<html>
<head>
<title>TestNG:  Test</title>
<link href="../testng.css" rel="stylesheet" type="text/css" />
<link href="../my-testng.css" rel="stylesheet" type="text/css" />

<style type="text/css">
.log { display: none;} 
.stack-trace { display: none;} 
</style>
<script type="text/javascript">
<!--
function flip(e) {
  current = e.style.display;
  if (current == 'block') {
    e.style.display = 'none';
    return 0;
  }
  else {
    e.style.display = 'block';
    return 1;
  }
}

function toggleBox(szDivId, elem, msg1, msg2)
{
  var res = -1;  if (document.getElementById) {
    res = flip(document.getElementById(szDivId));
  }
  else if (document.all) {
    // this is the way old msie versions work
    res = flip(document.all[szDivId]);
  }
  if(elem) {
    if(res == 0) elem.innerHTML = msg1; else elem.innerHTML = msg2;
  }

}

function toggleAllBoxes() {
  if (document.getElementsByTagName) {
    d = document.getElementsByTagName('div');
    for (i = 0; i < d.length; i++) {
      if (d[i].className == 'log') {
        flip(d[i]);
      }
    }
  }
}

// -->
</script>

</head>
<body>
<h2 align='center'>Test</h2><table border='1' align="center">
<tr>
<td>Tests passed/Failed/Skipped:</td><td>15/1/0</td>
</tr><tr>
<td>Started on:</td><td>Fri Jun 14 16:09:17 IST 2024</td>
</tr>
<tr><td>Total time:</td><td>892 seconds (892212 ms)</td>
</tr><tr>
<td>Included groups:</td><td></td>
</tr><tr>
<td>Excluded groups:</td><td></td>
</tr>
</table><p/>
<small><i>(Hover the method name to see the test class name)</i></small><p/>
<table width='100%' border='1' class='invocation-failed'>
<tr><td colspan='4' align='center'><b>FAILED TESTS</b></td></tr>
<tr><td><b>Test method</b></td>
<td><b>Attribute(s)</b></td>
<td width="30%"><b>Exception</b></td>
<td width="10%"><b>Time (seconds)</b></td>
<td><b>Instance</b></td>
</tr>
<tr>
<td title='testcases.Tc_001_CarLoan.validateCarLoan()'><b>validateCarLoan</b><br>Test class: testcases.Tc_001_CarLoan</td>
<td><div><pre>org.openqa.selenium.ElementClickInterceptedException: element click intercepted: Element &lt;li id=&quot;car-loan&quot;&gt;...&lt;/li&gt; is not clickable at point (398, 214). Other element would receive the click: &lt;ul class=&quot;dropdown-menu show&quot; aria-labelledby=&quot;menu-item-dropdown-2696&quot; role=&quot;menu&quot;&gt;...&lt;/ul&gt;
  (Session info: chrome=123.0.6312.59)
Build info: version: &apos;4.18.1&apos;, revision: &apos;b1d3319b48&apos;
System info: os.name: &apos;Windows 11&apos;, os.arch: &apos;amd64&apos;, os.version: &apos;10.0&apos;, java.version: &apos;17.0.2&apos;
Driver info: org.openqa.selenium.chrome.ChromeDriver
Command: [1e80120551156a4c3c3ef2fedcfffb16, clickElement {id=f.1C6BD26148743407B493FCAF43F9F847.d.2109D1DDAD72DE360AE19AED6A46BFA5.e.13}]
Capabilities {acceptInsecureCerts: false, browserName: chrome, browserVersion: 123.0.6312.59, chrome: {chromedriverVersion: 123.0.6312.122 (31f8248cdd9..., userDataDir: C:\WINDOWS\SystemTemp\scope...}, fedcm:accounts: true, goog:chromeOptions: {debuggerAddress: localhost:63571}, networkConnectionEnabled: false, pageLoadStrategy: normal, platformName: windows, proxy: Proxy(), se:cdp: ws://localhost:63571/devtoo..., se:cdpVersion: 123.0.6312.59, setWindowRect: true, strictFileInteractability: false, timeouts: {implicit: 0, pageLoad: 300000, script: 30000}, unhandledPromptBehavior: dismiss and notify, webauthn:extension:credBlob: true, webauthn:extension:largeBlob: true, webauthn:extension:minPinLength: true, webauthn:extension:prf: true, webauthn:virtualAuthenticators: true}
Element: [[ChromeDriver: chrome on windows (1e80120551156a4c3c3ef2fedcfffb16)] -&gt; xpath: //*[@id=&quot;car-loan&quot;]]
Session ID: 1e80120551156a4c3c3ef2fedcfffb16
	at org.openqa.selenium.remote.ErrorCodec.decode(ErrorCodec.java:167)
	at org.openqa.selenium.remote.codec.w3c.W3CHttpResponseCodec.decode(W3CHttpResponseCodec.java:138)
	at org.openqa.selenium.remote.codec.w3c.W3CHttpResponseCodec.decode(W3CHttpResponseCodec.java:50)
	at org.openqa.selenium.remote.HttpCommandExecutor.execute(HttpCommandExecutor.java:190)
	at org.openqa.selenium.remote.service.DriverCommandExecutor.invokeExecute(DriverCommandExecutor.java:216)
	at org.openqa.selenium.remote.service.DriverCommandExecutor.execute(DriverCommandExecutor.java:174)
	at org.openqa.selenium.remote.RemoteWebDriver.execute(RemoteWebDriver.java:519)
	at org.openqa.selenium.remote.RemoteWebElement.execute(RemoteWebElement.java:223)
	at org.openqa.selenium.remote.RemoteWebElement.click(RemoteWebElement.java:76)
	at org.openqa.selenium.support.pagefactory.internal.LocatingElementHandler.invoke(LocatingElementHandler.java:51)
	at jdk.proxy2/jdk.proxy2.$Proxy30.click(Unknown Source)
	at pageObject.PageObject.clickCarTab(PageObject.java:26)
	at testcases.Tc_001_CarLoan.validateCarLoan(Tc_001_CarLoan.java:15)
	at java.base/java.util.ArrayList.forEach(ArrayList.java:1511)
... Removed 36 stack frames</pre></div><a href='#' onClick='toggleBox("stack-trace1145882513", this, "Click to show all stack frames", "Click to hide stack frames")'>Click to show all stack frames</a>
<div class='stack-trace' id='stack-trace1145882513'><pre>org.openqa.selenium.ElementClickInterceptedException: element click intercepted: Element &lt;li id=&quot;car-loan&quot;&gt;...&lt;/li&gt; is not clickable at point (398, 214). Other element would receive the click: &lt;ul class=&quot;dropdown-menu show&quot; aria-labelledby=&quot;menu-item-dropdown-2696&quot; role=&quot;menu&quot;&gt;...&lt;/ul&gt;
  (Session info: chrome=123.0.6312.59)
Build info: version: &apos;4.18.1&apos;, revision: &apos;b1d3319b48&apos;
System info: os.name: &apos;Windows 11&apos;, os.arch: &apos;amd64&apos;, os.version: &apos;10.0&apos;, java.version: &apos;17.0.2&apos;
Driver info: org.openqa.selenium.chrome.ChromeDriver
Command: [1e80120551156a4c3c3ef2fedcfffb16, clickElement {id=f.1C6BD26148743407B493FCAF43F9F847.d.2109D1DDAD72DE360AE19AED6A46BFA5.e.13}]
Capabilities {acceptInsecureCerts: false, browserName: chrome, browserVersion: 123.0.6312.59, chrome: {chromedriverVersion: 123.0.6312.122 (31f8248cdd9..., userDataDir: C:\WINDOWS\SystemTemp\scope...}, fedcm:accounts: true, goog:chromeOptions: {debuggerAddress: localhost:63571}, networkConnectionEnabled: false, pageLoadStrategy: normal, platformName: windows, proxy: Proxy(), se:cdp: ws://localhost:63571/devtoo..., se:cdpVersion: 123.0.6312.59, setWindowRect: true, strictFileInteractability: false, timeouts: {implicit: 0, pageLoad: 300000, script: 30000}, unhandledPromptBehavior: dismiss and notify, webauthn:extension:credBlob: true, webauthn:extension:largeBlob: true, webauthn:extension:minPinLength: true, webauthn:extension:prf: true, webauthn:virtualAuthenticators: true}
Element: [[ChromeDriver: chrome on windows (1e80120551156a4c3c3ef2fedcfffb16)] -&gt; xpath: //*[@id=&quot;car-loan&quot;]]
Session ID: 1e80120551156a4c3c3ef2fedcfffb16
	at java.base/jdk.internal.reflect.NativeConstructorAccessorImpl.newInstance0(Native Method)
	at java.base/jdk.internal.reflect.NativeConstructorAccessorImpl.newInstance(NativeConstructorAccessorImpl.java:77)
	at java.base/jdk.internal.reflect.DelegatingConstructorAccessorImpl.newInstance(DelegatingConstructorAccessorImpl.java:45)
	at java.base/java.lang.reflect.Constructor.newInstanceWithCaller(Constructor.java:499)
	at java.base/java.lang.reflect.Constructor.newInstance(Constructor.java:480)
	at org.openqa.selenium.remote.ErrorCodec.decode(ErrorCodec.java:167)
	at org.openqa.selenium.remote.codec.w3c.W3CHttpResponseCodec.decode(W3CHttpResponseCodec.java:138)
	at org.openqa.selenium.remote.codec.w3c.W3CHttpResponseCodec.decode(W3CHttpResponseCodec.java:50)
	at org.openqa.selenium.remote.HttpCommandExecutor.execute(HttpCommandExecutor.java:190)
	at org.openqa.selenium.remote.service.DriverCommandExecutor.invokeExecute(DriverCommandExecutor.java:216)
	at org.openqa.selenium.remote.service.DriverCommandExecutor.execute(DriverCommandExecutor.java:174)
	at org.openqa.selenium.remote.RemoteWebDriver.execute(RemoteWebDriver.java:519)
	at org.openqa.selenium.remote.RemoteWebElement.execute(RemoteWebElement.java:223)
	at org.openqa.selenium.remote.RemoteWebElement.click(RemoteWebElement.java:76)
	at java.base/jdk.internal.reflect.NativeMethodAccessorImpl.invoke0(Native Method)
	at java.base/jdk.internal.reflect.NativeMethodAccessorImpl.invoke(NativeMethodAccessorImpl.java:77)
	at java.base/jdk.internal.reflect.DelegatingMethodAccessorImpl.invoke(DelegatingMethodAccessorImpl.java:43)
	at java.base/java.lang.reflect.Method.invoke(Method.java:568)
	at org.openqa.selenium.support.pagefactory.internal.LocatingElementHandler.invoke(LocatingElementHandler.java:51)
	at jdk.proxy2/jdk.proxy2.$Proxy30.click(Unknown Source)
	at pageObject.PageObject.clickCarTab(PageObject.java:26)
	at testcases.Tc_001_CarLoan.validateCarLoan(Tc_001_CarLoan.java:15)
	at java.base/jdk.internal.reflect.NativeMethodAccessorImpl.invoke0(Native Method)
	at java.base/jdk.internal.reflect.NativeMethodAccessorImpl.invoke(NativeMethodAccessorImpl.java:77)
	at java.base/jdk.internal.reflect.DelegatingMethodAccessorImpl.invoke(DelegatingMethodAccessorImpl.java:43)
	at java.base/java.lang.reflect.Method.invoke(Method.java:568)
	at org.testng.internal.invokers.MethodInvocationHelper.invokeMethod(MethodInvocationHelper.java:139)
	at org.testng.internal.invokers.TestInvoker.invokeMethod(TestInvoker.java:664)
	at org.testng.internal.invokers.TestInvoker.invokeTestMethod(TestInvoker.java:228)
	at org.testng.internal.invokers.MethodRunner.runInSequence(MethodRunner.java:63)
	at org.testng.internal.invokers.TestInvoker$MethodInvocationAgent.invoke(TestInvoker.java:961)
	at org.testng.internal.invokers.TestInvoker.invokeTestMethods(TestInvoker.java:201)
	at org.testng.internal.invokers.TestMethodWorker.invokeTestMethods(TestMethodWorker.java:148)
	at org.testng.internal.invokers.TestMethodWorker.run(TestMethodWorker.java:128)
	at java.base/java.util.ArrayList.forEach(ArrayList.java:1511)
	at org.testng.TestRunner.privateRun(TestRunner.java:819)
	at org.testng.TestRunner.run(TestRunner.java:619)
	at org.testng.SuiteRunner.runTest(SuiteRunner.java:443)
	at org.testng.SuiteRunner.runSequentially(SuiteRunner.java:437)
	at org.testng.SuiteRunner.privateRun(SuiteRunner.java:397)
	at org.testng.SuiteRunner.run(SuiteRunner.java:336)
	at org.testng.SuiteRunnerWorker.runSuite(SuiteRunnerWorker.java:52)
	at org.testng.SuiteRunnerWorker.run(SuiteRunnerWorker.java:95)
	at org.testng.TestNG.runSuitesSequentially(TestNG.java:1301)
	at org.testng.TestNG.runSuitesLocally(TestNG.java:1228)
	at org.testng.TestNG.runSuites(TestNG.java:1134)
	at org.testng.TestNG.run(TestNG.java:1101)
	at org.testng.remote.AbstractRemoteTestNG.run(AbstractRemoteTestNG.java:115)
	at org.testng.remote.RemoteTestNG.initAndRun(RemoteTestNG.java:293)
	at org.testng.remote.RemoteTestNG.main(RemoteTestNG.java:91)
</pre></div></td>
<td>1</td>
<td>testcases.Tc_001_CarLoan@2eced48b</td></tr>
</table><p>
<table width='100%' border='1' class='invocation-passed'>
<tr><td colspan='4' align='center'><b>PASSED TESTS</b></td></tr>
<tr><td><b>Test method</b></td>
<td><b>Attribute(s)</b></td>
<td width="30%"><b>Exception</b></td>
<td width="10%"><b>Time (seconds)</b></td>
<td><b>Instance</b></td>
</tr>
<tr>
<td title='testcases.Tc_003_003_UI_ValidatingEMIcalculator_LoanTenure.validatingEMIcalculator_LoanTenure()'><b>validatingEMIcalculator_LoanTenure</b><br>Test class: testcases.Tc_003_003_UI_ValidatingEMIcalculator_LoanTenure</td>
<td></td>
<td>11</td>
<td>testcases.Tc_003_003_UI_ValidatingEMIcalculator_LoanTenure@3e14c16d</td></tr>
<tr>
<td title='testcases.Tc_003_006_UI_ValidatingLoanAmountcalculator_Emi.validatingLoanAmountcalculator_Emi()'><b>validatingLoanAmountcalculator_Emi</b><br>Test class: testcases.Tc_003_006_UI_ValidatingLoanAmountcalculator_Emi</td>
<td></td>
<td>6</td>
<td>testcases.Tc_003_006_UI_ValidatingLoanAmountcalculator_Emi@3d3ba765</td></tr>
<tr>
<td title='testcases.Tc_003_011_UI_ValidatingLoanTenturecalculator_LoanAmount.validatingLoanTenturecalculator_LoanAmount()'><b>validatingLoanTenturecalculator_LoanAmount</b><br>Test class: testcases.Tc_003_011_UI_ValidatingLoanTenturecalculator_LoanAmount</td>
<td></td>
<td>11</td>
<td>testcases.Tc_003_011_UI_ValidatingLoanTenturecalculator_LoanAmount@5c18016b</td></tr>
<tr>
<td title='testcases.Tc_003_002_UI_ValidatingEMIcalculator_InterestRate.validatingEMIcalculator_InterestRate()'><b>validatingEMIcalculator_InterestRate</b><br>Test class: testcases.Tc_003_002_UI_ValidatingEMIcalculator_InterestRate</td>
<td></td>
<td>54</td>
<td>testcases.Tc_003_002_UI_ValidatingEMIcalculator_InterestRate@7096b474</td></tr>
<tr>
<td title='testcases.Tc_002_HomeLoan.valaidateHomeLoan()'><b>valaidateHomeLoan</b><br>Test class: testcases.Tc_002_HomeLoan</td>
<td></td>
<td>14</td>
<td>testcases.Tc_002_HomeLoan@3f07b12c</td></tr>
<tr>
<td title='testcases.Tc_003_007_UI_ValidatingLoanAmountcalculator_InterestRate.validatingLoanAmountcalculator_InterestRate()'><b>validatingLoanAmountcalculator_InterestRate</b><br>Test class: testcases.Tc_003_007_UI_ValidatingLoanAmountcalculator_InterestRate</td>
<td></td>
<td>6</td>
<td>testcases.Tc_003_007_UI_ValidatingLoanAmountcalculator_InterestRate@25bc0606</td></tr>
<tr>
<td title='testcases.Tc_003_008_UI_ValidatingLoanAmountcalculator_LoanTenture.validatingLoanAmountcalculator_LoanTenture()'><b>validatingLoanAmountcalculator_LoanTenture</b><br>Test class: testcases.Tc_003_008_UI_ValidatingLoanAmountcalculator_LoanTenture</td>
<td></td>
<td>5</td>
<td>testcases.Tc_003_008_UI_ValidatingLoanAmountcalculator_LoanTenture@5d1659ea</td></tr>
<tr>
<td title='testcases.Tc_003_004_UI_ValidatingEMIcalculator_FeesAndCharges.validatingEMIcalculator_FeesAndCharges()'><b>validatingEMIcalculator_FeesAndCharges</b><br>Test class: testcases.Tc_003_004_UI_ValidatingEMIcalculator_FeesAndCharges</td>
<td></td>
<td>5</td>
<td>testcases.Tc_003_004_UI_ValidatingEMIcalculator_FeesAndCharges@3c989952</td></tr>
<tr>
<td title='testcases.Tc_003_009_UI_ValidatingLoanAmountcalculator_FeesAndCharges.validatingLoanAmountcalculator_FeesAndCharges()'><b>validatingLoanAmountcalculator_FeesAndCharges</b><br>Test class: testcases.Tc_003_009_UI_ValidatingLoanAmountcalculator_FeesAndCharges</td>
<td></td>
<td>13</td>
<td>testcases.Tc_003_009_UI_ValidatingLoanAmountcalculator_FeesAndCharges@793138bd</td></tr>
<tr>
<td title='testcases.Tc_003_012_UI_ValidatingLoanTenturecalculator_EMI.validatingLoanTenturecalculator_EMI()'><b>validatingLoanTenturecalculator_EMI</b><br>Test class: testcases.Tc_003_012_UI_ValidatingLoanTenturecalculator_EMI</td>
<td></td>
<td>5</td>
<td>testcases.Tc_003_012_UI_ValidatingLoanTenturecalculator_EMI@33aeca0b</td></tr>
<tr>
<td title='testcases.Tc_003_014_UI_ValidatingLoanTenturecalculator_FeesAndCharges.validatingLoanTenturecalculator_FeesAndCharges()'><b>validatingLoanTenturecalculator_FeesAndCharges</b><br>Test class: testcases.Tc_003_014_UI_ValidatingLoanTenturecalculator_FeesAndCharges</td>
<td></td>
<td>17</td>
<td>testcases.Tc_003_014_UI_ValidatingLoanTenturecalculator_FeesAndCharges@57ac5227</td></tr>
<tr>
<td title='testcases.Tc_003_005_UI_ValidatingEMIcalculator_YearAndMonth.validatingEMIcalculator_YearAndMonth()'><b>validatingEMIcalculator_YearAndMonth</b><br>Test class: testcases.Tc_003_005_UI_ValidatingEMIcalculator_YearAndMonth</td>
<td></td>
<td>13</td>
<td>testcases.Tc_003_005_UI_ValidatingEMIcalculator_YearAndMonth@784b990c</td></tr>
<tr>
<td title='testcases.Tc_003_013_UI_ValidatingLoanTenturecalculator_InterestRate.validatingLoanTenturecalculator_InterestRate()'><b>validatingLoanTenturecalculator_InterestRate</b><br>Test class: testcases.Tc_003_013_UI_ValidatingLoanTenturecalculator_InterestRate</td>
<td></td>
<td>4</td>
<td>testcases.Tc_003_013_UI_ValidatingLoanTenturecalculator_InterestRate@43aaf813</td></tr>
<tr>
<td title='testcases.Tc_003_001_UI_ValidatingEMIcalculator_LoanAmount.validatingEMIcalculator_LoanAmount()'><b>validatingEMIcalculator_LoanAmount</b><br>Test class: testcases.Tc_003_001_UI_ValidatingEMIcalculator_LoanAmount</td>
<td></td>
<td>6</td>
<td>testcases.Tc_003_001_UI_ValidatingEMIcalculator_LoanAmount@4bd1f8dd</td></tr>
<tr>
<td title='testcases.Tc_003_010_UI_ValidatingLoanAmountcalculator_YearAndMonth.validatingLoanAmountcalculator_YearAndMonth()'><b>validatingLoanAmountcalculator_YearAndMonth</b><br>Test class: testcases.Tc_003_010_UI_ValidatingLoanAmountcalculator_YearAndMonth</td>
<td></td>
<td>16</td>
<td>testcases.Tc_003_010_UI_ValidatingLoanAmountcalculator_YearAndMonth@1951b871</td></tr>
</table><p>
</body>
</html>